<?xml version="1.0" encoding="UTF-8"?>
<!-- Generated by org.testng.reporters.JUnitReportReporter -->
<testsuite hostname="DESKTOP-V3R7F1F" name="com.test.TestNGBasics" tests="2" failures="0" timestamp="13 Jun 2024 11:35:41 GMT" time="0.032" errors="0">
  <testcase name="googleTitleTest" time="0.007" classname="com.test.TestNGBasics"/>
  <testcase name="searchTest" time="0.025" classname="com.test.TestNGBasics"/>
</testsuite> <!-- com.test.TestNGBasics -->
