<?xml version="1.0" encoding="UTF-8"?>
<!-- Generated by org.testng.reporters.JUnitReportReporter -->
<testsuite hostname="DESKTOP-V3R7F1F" name="com.test.GoogleTitleTest" tests="2" failures="0" timestamp="13 Jun 2024 11:35:41 GMT" time="41.165" errors="0">
  <testcase name="googleTitleTest" time="25.218" classname="com.test.GoogleTitleTest"/>
  <testcase name="IsmailPresent" time="15.947" classname="com.test.GoogleTitleTest"/>
</testsuite> <!-- com.test.GoogleTitleTest -->
