<?xml version="1.0" encoding="UTF-8"?>
<!-- Generated by org.testng.reporters.JUnitReportReporter -->
<testsuite hostname="DESKTOP-V3R7F1F" name="com.test.TestingFeature" tests="3" failures="0" timestamp="13 Jun 2024 11:35:41 GMT" time="0.032" errors="0">
  <testcase name="logoTest" time="0.007" classname="com.test.TestingFeature"/>
  <testcase name="searchTest" time="0.021" classname="com.test.TestingFeature"/>
  <testcase name="loginTest" time="0.004" classname="com.test.TestingFeature"/>
</testsuite> <!-- com.test.TestingFeature -->
